1738463505.581477 client started (97410): version 3.5a, socket /private/tmp/tmux-501/default, protocol 8
1738463505.581523 on Darwin 23.6.0 Darwin Kernel Version 23.6.0: Mon Jul 29 21:14:30 PDT 2024; root:xnu-10063.141.2~1/RELEASE_ARM64_T6000
1738463505.581530 using libevent 2.1.12-stable select
1738463505.581548 using utf8proc 2.10.0
1738463505.581552 using ncurses 6.5 20240427
1738463505.581565 flags are 0x10010000
1738463505.581569 socket is /private/tmp/tmux-501/default
1738463505.581576 trying connect
1738463505.581615 add peer 0x148008000: 6 (0x0)
1738463505.582956 sending message 111 to peer 0x148008000 (8 bytes)
1738463505.582963 sending message 111 to peer 0x148008000 (8 bytes)
1738463505.582966 sending message 101 to peer 0x148008000 (14 bytes)
1738463505.582969 sending message 109 to peer 0x148008000 (4 bytes)
1738463505.582973 sending message 102 to peer 0x148008000 (13 bytes)
1738463505.582976 sending message 108 to peer 0x148008000 (22 bytes)
1738463505.582979 sending message 112 to peer 0x148008000 (70 bytes)
1738463505.582982 sending message 112 to peer 0x148008000 (5 bytes)
1738463505.582985 sending message 112 to peer 0x148008000 (5 bytes)
1738463505.582988 sending message 112 to peer 0x148008000 (6 bytes)
1738463505.582991 sending message 112 to peer 0x148008000 (6 bytes)
1738463505.582994 sending message 112 to peer 0x148008000 (11 bytes)
1738463505.582997 sending message 112 to peer 0x148008000 (10 bytes)
1738463505.583000 sending message 112 to peer 0x148008000 (13 bytes)
1738463505.583003 sending message 112 to peer 0x148008000 (13 bytes)
1738463505.583006 sending message 112 to peer 0x148008000 (18 bytes)
1738463505.583009 sending message 112 to peer 0x148008000 (11 bytes)
1738463505.583012 sending message 112 to peer 0x148008000 (10 bytes)
1738463505.583015 sending message 112 to peer 0x148008000 (15 bytes)
1738463505.583018 sending message 112 to peer 0x148008000 (21 bytes)
1738463505.583021 sending message 112 to peer 0x148008000 (13 bytes)
1738463505.583024 sending message 112 to peer 0x148008000 (7 bytes)
1738463505.583027 sending message 112 to peer 0x148008000 (13 bytes)
1738463505.583030 sending message 112 to peer 0x148008000 (7 bytes)
1738463505.583033 sending message 112 to peer 0x148008000 (13 bytes)
1738463505.583036 sending message 112 to peer 0x148008000 (9 bytes)
1738463505.583039 sending message 112 to peer 0x148008000 (21 bytes)
1738463505.583042 sending message 112 to peer 0x148008000 (13 bytes)
1738463505.583045 sending message 112 to peer 0x148008000 (8 bytes)
1738463505.583048 sending message 112 to peer 0x148008000 (12 bytes)
1738463505.583051 sending message 112 to peer 0x148008000 (13 bytes)
1738463505.583054 sending message 112 to peer 0x148008000 (9 bytes)
1738463505.583057 sending message 112 to peer 0x148008000 (9 bytes)
1738463505.583060 sending message 112 to peer 0x148008000 (12 bytes)
1738463505.583063 sending message 112 to peer 0x148008000 (8 bytes)
1738463505.583066 sending message 112 to peer 0x148008000 (8 bytes)
1738463505.583069 sending message 112 to peer 0x148008000 (7 bytes)
1738463505.583072 sending message 112 to peer 0x148008000 (7 bytes)
1738463505.583075 sending message 112 to peer 0x148008000 (9 bytes)
1738463505.583077 sending message 112 to peer 0x148008000 (13 bytes)
1738463505.583080 sending message 112 to peer 0x148008000 (6 bytes)
1738463505.583083 sending message 112 to peer 0x148008000 (9 bytes)
1738463505.583086 sending message 112 to peer 0x148008000 (15 bytes)
1738463505.583089 sending message 112 to peer 0x148008000 (13 bytes)
1738463505.583092 sending message 112 to peer 0x148008000 (12 bytes)
1738463505.583095 sending message 112 to peer 0x148008000 (8 bytes)
1738463505.583098 sending message 112 to peer 0x148008000 (14 bytes)
1738463505.583101 sending message 112 to peer 0x148008000 (11 bytes)
1738463505.583104 sending message 112 to peer 0x148008000 (9 bytes)
1738463505.583107 sending message 112 to peer 0x148008000 (10 bytes)
1738463505.583110 sending message 112 to peer 0x148008000 (10 bytes)
1738463505.583113 sending message 112 to peer 0x148008000 (10 bytes)
1738463505.583123 sending message 112 to peer 0x148008000 (10 bytes)
1738463505.583125 sending message 112 to peer 0x148008000 (11 bytes)
1738463505.583127 sending message 112 to peer 0x148008000 (12 bytes)
1738463505.583129 sending message 112 to peer 0x148008000 (12 bytes)
1738463505.583131 sending message 112 to peer 0x148008000 (12 bytes)
1738463505.583133 sending message 112 to peer 0x148008000 (12 bytes)
1738463505.583135 sending message 112 to peer 0x148008000 (12 bytes)
1738463505.583137 sending message 112 to peer 0x148008000 (11 bytes)
1738463505.583139 sending message 112 to peer 0x148008000 (11 bytes)
1738463505.583141 sending message 112 to peer 0x148008000 (12 bytes)
1738463505.583143 sending message 112 to peer 0x148008000 (12 bytes)
1738463505.583145 sending message 112 to peer 0x148008000 (12 bytes)
1738463505.583147 sending message 112 to peer 0x148008000 (12 bytes)
1738463505.583149 sending message 112 to peer 0x148008000 (12 bytes)
1738463505.583151 sending message 112 to peer 0x148008000 (10 bytes)
1738463505.583153 sending message 112 to peer 0x148008000 (12 bytes)
1738463505.583155 sending message 112 to peer 0x148008000 (13 bytes)
1738463505.583157 sending message 112 to peer 0x148008000 (13 bytes)
1738463505.583159 sending message 112 to peer 0x148008000 (13 bytes)
1738463505.583161 sending message 112 to peer 0x148008000 (13 bytes)
1738463505.583163 sending message 112 to peer 0x148008000 (13 bytes)
1738463505.583165 sending message 112 to peer 0x148008000 (8 bytes)
1738463505.583167 sending message 112 to peer 0x148008000 (11 bytes)
1738463505.583169 sending message 112 to peer 0x148008000 (11 bytes)
1738463505.583171 sending message 112 to peer 0x148008000 (11 bytes)
1738463505.583173 sending message 112 to peer 0x148008000 (12 bytes)
1738463505.583175 sending message 112 to peer 0x148008000 (12 bytes)
1738463505.583177 sending message 112 to peer 0x148008000 (12 bytes)
1738463505.583178 sending message 112 to peer 0x148008000 (12 bytes)
1738463505.583180 sending message 112 to peer 0x148008000 (13 bytes)
1738463505.583182 sending message 112 to peer 0x148008000 (13 bytes)
1738463505.583184 sending message 112 to peer 0x148008000 (13 bytes)
1738463505.583186 sending message 112 to peer 0x148008000 (8 bytes)
1738463505.583188 sending message 112 to peer 0x148008000 (13 bytes)
1738463505.583190 sending message 112 to peer 0x148008000 (13 bytes)
1738463505.583192 sending message 112 to peer 0x148008000 (13 bytes)
1738463505.583194 sending message 112 to peer 0x148008000 (13 bytes)
1738463505.583196 sending message 112 to peer 0x148008000 (13 bytes)
1738463505.583198 sending message 112 to peer 0x148008000 (12 bytes)
1738463505.583200 sending message 112 to peer 0x148008000 (12 bytes)
1738463505.583202 sending message 112 to peer 0x148008000 (12 bytes)
1738463505.583204 sending message 112 to peer 0x148008000 (12 bytes)
1738463505.583206 sending message 112 to peer 0x148008000 (13 bytes)
1738463505.583208 sending message 112 to peer 0x148008000 (8 bytes)
1738463505.583210 sending message 112 to peer 0x148008000 (13 bytes)
1738463505.583212 sending message 112 to peer 0x148008000 (13 bytes)
1738463505.583214 sending message 112 to peer 0x148008000 (13 bytes)
1738463505.583216 sending message 112 to peer 0x148008000 (13 bytes)
1738463505.583218 sending message 112 to peer 0x148008000 (13 bytes)
1738463505.583220 sending message 112 to peer 0x148008000 (13 bytes)
1738463505.583222 sending message 112 to peer 0x148008000 (13 bytes)
1738463505.583224 sending message 112 to peer 0x148008000 (12 bytes)
1738463505.583226 sending message 112 to peer 0x148008000 (12 bytes)
1738463505.583228 sending message 112 to peer 0x148008000 (12 bytes)
1738463505.583230 sending message 112 to peer 0x148008000 (8 bytes)
1738463505.583232 sending message 112 to peer 0x148008000 (12 bytes)
1738463505.583234 sending message 112 to peer 0x148008000 (13 bytes)
1738463505.583236 sending message 112 to peer 0x148008000 (13 bytes)
1738463505.583237 sending message 112 to peer 0x148008000 (13 bytes)
1738463505.583244 sending message 112 to peer 0x148008000 (13 bytes)
1738463505.583246 sending message 112 to peer 0x148008000 (13 bytes)
1738463505.583248 sending message 112 to peer 0x148008000 (13 bytes)
1738463505.583250 sending message 112 to peer 0x148008000 (13 bytes)
1738463505.583252 sending message 112 to peer 0x148008000 (13 bytes)
1738463505.583254 sending message 112 to peer 0x148008000 (12 bytes)
1738463505.583256 sending message 112 to peer 0x148008000 (10 bytes)
1738463505.583258 sending message 112 to peer 0x148008000 (12 bytes)
1738463505.583260 sending message 112 to peer 0x148008000 (12 bytes)
1738463505.583262 sending message 112 to peer 0x148008000 (12 bytes)
1738463505.583263 sending message 112 to peer 0x148008000 (13 bytes)
1738463505.583265 sending message 112 to peer 0x148008000 (13 bytes)
1738463505.583267 sending message 112 to peer 0x148008000 (13 bytes)
1738463505.583269 sending message 112 to peer 0x148008000 (13 bytes)
1738463505.583271 sending message 112 to peer 0x148008000 (13 bytes)
1738463505.583273 sending message 112 to peer 0x148008000 (13 bytes)
1738463505.583275 sending message 112 to peer 0x148008000 (13 bytes)
1738463505.583277 sending message 112 to peer 0x148008000 (10 bytes)
1738463505.583279 sending message 112 to peer 0x148008000 (13 bytes)
1738463505.583281 sending message 112 to peer 0x148008000 (12 bytes)
1738463505.583283 sending message 112 to peer 0x148008000 (12 bytes)
1738463505.583285 sending message 112 to peer 0x148008000 (12 bytes)
1738463505.583287 sending message 112 to peer 0x148008000 (10 bytes)
1738463505.583289 sending message 112 to peer 0x148008000 (10 bytes)
1738463505.583291 sending message 112 to peer 0x148008000 (10 bytes)
1738463505.583293 sending message 112 to peer 0x148008000 (12 bytes)
1738463505.583295 sending message 112 to peer 0x148008000 (13 bytes)
1738463505.583297 sending message 112 to peer 0x148008000 (13 bytes)
1738463505.583299 sending message 112 to peer 0x148008000 (13 bytes)
1738463505.583301 sending message 112 to peer 0x148008000 (13 bytes)
1738463505.583303 sending message 112 to peer 0x148008000 (13 bytes)
1738463505.583305 sending message 112 to peer 0x148008000 (11 bytes)
1738463505.583307 sending message 112 to peer 0x148008000 (11 bytes)
1738463505.583309 sending message 112 to peer 0x148008000 (12 bytes)
1738463505.583311 sending message 112 to peer 0x148008000 (12 bytes)
1738463505.583313 sending message 112 to peer 0x148008000 (12 bytes)
1738463505.583315 sending message 112 to peer 0x148008000 (12 bytes)
1738463505.583317 sending message 112 to peer 0x148008000 (12 bytes)
1738463505.583318 sending message 112 to peer 0x148008000 (11 bytes)
1738463505.583320 sending message 112 to peer 0x148008000 (12 bytes)
1738463505.583322 sending message 112 to peer 0x148008000 (12 bytes)
1738463505.583324 sending message 112 to peer 0x148008000 (13 bytes)
1738463505.583326 sending message 112 to peer 0x148008000 (13 bytes)
1738463505.583328 sending message 112 to peer 0x148008000 (13 bytes)
1738463505.583330 sending message 112 to peer 0x148008000 (13 bytes)
1738463505.583332 sending message 112 to peer 0x148008000 (13 bytes)
1738463505.583334 sending message 112 to peer 0x148008000 (10 bytes)
1738463505.583336 sending message 112 to peer 0x148008000 (9 bytes)
1738463505.583338 sending message 112 to peer 0x148008000 (12 bytes)
1738463505.583340 sending message 112 to peer 0x148008000 (13 bytes)
1738463505.583342 sending message 112 to peer 0x148008000 (13 bytes)
1738463505.583344 sending message 112 to peer 0x148008000 (13 bytes)
1738463505.583346 sending message 112 to peer 0x148008000 (13 bytes)
1738463505.583348 sending message 112 to peer 0x148008000 (13 bytes)
1738463505.583350 sending message 112 to peer 0x148008000 (9 bytes)
1738463505.583352 sending message 112 to peer 0x148008000 (12 bytes)
1738463505.583354 sending message 112 to peer 0x148008000 (13 bytes)
1738463505.583356 sending message 112 to peer 0x148008000 (13 bytes)
1738463505.583358 sending message 112 to peer 0x148008000 (13 bytes)
1738463505.583360 sending message 112 to peer 0x148008000 (13 bytes)
1738463505.583365 sending message 112 to peer 0x148008000 (13 bytes)
1738463505.583367 sending message 112 to peer 0x148008000 (11 bytes)
1738463505.583369 sending message 112 to peer 0x148008000 (12 bytes)
1738463505.583371 sending message 112 to peer 0x148008000 (13 bytes)
1738463505.583373 sending message 112 to peer 0x148008000 (13 bytes)
1738463505.583375 sending message 112 to peer 0x148008000 (13 bytes)
1738463505.583377 sending message 112 to peer 0x148008000 (13 bytes)
1738463505.583379 sending message 112 to peer 0x148008000 (13 bytes)
1738463505.583381 sending message 112 to peer 0x148008000 (11 bytes)
1738463505.583383 sending message 112 to peer 0x148008000 (12 bytes)
1738463505.583385 sending message 112 to peer 0x148008000 (12 bytes)
1738463505.583387 sending message 112 to peer 0x148008000 (12 bytes)
1738463505.583389 sending message 112 to peer 0x148008000 (12 bytes)
1738463505.583391 sending message 112 to peer 0x148008000 (12 bytes)
1738463505.583393 sending message 112 to peer 0x148008000 (21 bytes)
1738463505.583395 sending message 112 to peer 0x148008000 (12 bytes)
1738463505.583397 sending message 112 to peer 0x148008000 (9 bytes)
1738463505.583399 sending message 112 to peer 0x148008000 (6 bytes)
1738463505.583401 sending message 112 to peer 0x148008000 (13 bytes)
1738463505.583403 sending message 112 to peer 0x148008000 (8 bytes)
1738463505.583405 sending message 112 to peer 0x148008000 (15 bytes)
1738463505.583407 sending message 112 to peer 0x148008000 (13 bytes)
1738463505.583409 sending message 112 to peer 0x148008000 (9 bytes)
1738463505.583411 sending message 112 to peer 0x148008000 (70 bytes)
1738463505.583413 sending message 112 to peer 0x148008000 (69 bytes)
1738463505.583415 sending message 112 to peer 0x148008000 (10 bytes)
1738463505.583417 sending message 112 to peer 0x148008000 (10 bytes)
1738463505.583419 sending message 112 to peer 0x148008000 (8 bytes)
1738463505.583421 sending message 112 to peer 0x148008000 (15 bytes)
1738463505.583423 sending message 112 to peer 0x148008000 (13 bytes)
1738463505.583425 sending message 112 to peer 0x148008000 (10 bytes)
1738463505.583426 sending message 112 to peer 0x148008000 (10 bytes)
1738463505.583428 sending message 112 to peer 0x148008000 (17 bytes)
1738463505.583430 sending message 112 to peer 0x148008000 (10 bytes)
1738463505.583432 sending message 112 to peer 0x148008000 (13 bytes)
1738463505.583434 sending message 112 to peer 0x148008000 (9 bytes)
1738463505.583436 sending message 112 to peer 0x148008000 (5 bytes)
1738463505.583438 sending message 112 to peer 0x148008000 (15 bytes)
1738463505.583442 sending message 104 to peer 0x148008000 (0 bytes)
1738463505.583444 sending message 110 to peer 0x148008000 (0 bytes)
1738463505.583446 sending message 107 to peer 0x148008000 (4 bytes)
1738463505.583448 sending message 105 to peer 0x148008000 (27 bytes)
1738463505.583450 sending message 105 to peer 0x148008000 (20 bytes)
1738463505.583452 sending message 105 to peer 0x148008000 (22 bytes)
1738463505.583454 sending message 105 to peer 0x148008000 (47 bytes)
1738463505.583456 sending message 105 to peer 0x148008000 (55 bytes)
1738463505.583458 sending message 105 to peer 0x148008000 (14 bytes)
1738463505.583460 sending message 105 to peer 0x148008000 (64 bytes)
1738463505.583462 sending message 105 to peer 0x148008000 (73 bytes)
1738463505.583464 sending message 105 to peer 0x148008000 (68 bytes)
1738463505.583466 sending message 105 to peer 0x148008000 (65 bytes)
1738463505.583468 sending message 105 to peer 0x148008000 (141 bytes)
1738463505.583470 sending message 105 to peer 0x148008000 (66 bytes)
1738463505.583472 sending message 105 to peer 0x148008000 (57 bytes)
1738463505.583474 sending message 105 to peer 0x148008000 (75 bytes)
1738463505.583476 sending message 105 to peer 0x148008000 (38 bytes)
1738463505.583478 sending message 105 to peer 0x148008000 (36 bytes)
1738463505.583480 sending message 105 to peer 0x148008000 (15 bytes)
1738463505.583482 sending message 105 to peer 0x148008000 (18 bytes)
1738463505.583489 sending message 105 to peer 0x148008000 (37 bytes)
1738463505.583491 sending message 105 to peer 0x148008000 (30 bytes)
1738463505.583493 sending message 105 to peer 0x148008000 (34 bytes)
1738463505.583495 sending message 105 to peer 0x148008000 (60 bytes)
1738463505.583497 sending message 105 to peer 0x148008000 (55 bytes)
1738463505.583499 sending message 105 to peer 0x148008000 (17 bytes)
1738463505.583501 sending message 105 to peer 0x148008000 (8 bytes)
1738463505.583503 sending message 105 to peer 0x148008000 (14 bytes)
1738463505.583505 sending message 105 to peer 0x148008000 (32 bytes)
1738463505.583508 sending message 105 to peer 0x148008000 (10273 bytes)
1738463505.583510 sending message 105 to peer 0x148008000 (54 bytes)
1738463505.583512 sending message 105 to peer 0x148008000 (125 bytes)
1738463505.583514 sending message 105 to peer 0x148008000 (42 bytes)
1738463505.583516 sending message 105 to peer 0x148008000 (12 bytes)
1738463505.583518 sending message 105 to peer 0x148008000 (11 bytes)
1738463505.583520 sending message 105 to peer 0x148008000 (901 bytes)
1738463505.583522 sending message 105 to peer 0x148008000 (26 bytes)
1738463505.583524 sending message 105 to peer 0x148008000 (53 bytes)
1738463505.583528 sending message 105 to peer 0x148008000 (57 bytes)
1738463505.583530 sending message 105 to peer 0x148008000 (46 bytes)
1738463505.583532 sending message 105 to peer 0x148008000 (54 bytes)
1738463505.583534 sending message 105 to peer 0x148008000 (32 bytes)
1738463505.583536 sending message 105 to peer 0x148008000 (28 bytes)
1738463505.583538 sending message 105 to peer 0x148008000 (24 bytes)
1738463505.583540 sending message 105 to peer 0x148008000 (15 bytes)
1738463505.583542 sending message 105 to peer 0x148008000 (8 bytes)
1738463505.583544 sending message 105 to peer 0x148008000 (66 bytes)
1738463505.583546 sending message 105 to peer 0x148008000 (19 bytes)
1738463505.583548 sending message 105 to peer 0x148008000 (63 bytes)
1738463505.583550 sending message 105 to peer 0x148008000 (18 bytes)
1738463505.583552 sending message 105 to peer 0x148008000 (26 bytes)
1738463505.583554 sending message 105 to peer 0x148008000 (57 bytes)
1738463505.583556 sending message 105 to peer 0x148008000 (43 bytes)
1738463505.583558 sending message 105 to peer 0x148008000 (14 bytes)
1738463505.583560 sending message 105 to peer 0x148008000 (60 bytes)
1738463505.583562 sending message 105 to peer 0x148008000 (11 bytes)
1738463505.583564 sending message 105 to peer 0x148008000 (98 bytes)
1738463505.583566 sending message 105 to peer 0x148008000 (14 bytes)
1738463505.583568 sending message 105 to peer 0x148008000 (19 bytes)
1738463505.583570 sending message 105 to peer 0x148008000 (28 bytes)
1738463505.583572 sending message 105 to peer 0x148008000 (11 bytes)
1738463505.583574 sending message 105 to peer 0x148008000 (7 bytes)
1738463505.583576 sending message 105 to peer 0x148008000 (26 bytes)
1738463505.583578 sending message 105 to peer 0x148008000 (22 bytes)
1738463505.583580 sending message 105 to peer 0x148008000 (43 bytes)
1738463505.583582 sending message 105 to peer 0x148008000 (32 bytes)
1738463505.583583 sending message 105 to peer 0x148008000 (10 bytes)
1738463505.583585 sending message 105 to peer 0x148008000 (25 bytes)
1738463505.583587 sending message 106 to peer 0x148008000 (0 bytes)
1738463505.583636 sending message 200 to peer 0x148008000 (4 bytes)
1738463505.583640 client loop enter
1738463505.584058 peer 0x148008000 message 303
1738463505.584076 open write file 2 -
1738463505.584099 sending message 305 to peer 0x148008000 (8 bytes)
1738463505.584108 write check file 2
1738463505.584128 peer 0x148008000 message 304
1738463505.584132 write 58 to file 2
1738463505.584139 peer 0x148008000 message 203
1738463505.584143 file 2 58 bytes left
1738463505.584152 write check file 2
1738463505.584154 client loop exit
